<?xml version="1.0" encoding="UTF-8"?>
<testng-results skipped="0" failed="0" total="1" passed="1">
  <reporter-output>
  </reporter-output>
  <suite name="Default suite" duration-ms="18765" started-at="2016-03-19T16:02:07Z" finished-at="2016-03-19T16:02:26Z">
    <groups>
    </groups>
    <test name="Default test" duration-ms="18765" started-at="2016-03-19T16:02:07Z" finished-at="2016-03-19T16:02:26Z">
      <class name="demo.JavaScriptExcutor">
        <test-method status="PASS" signature="Test()[pri:0, instance:demo.JavaScriptExcutor@79698539]" name="Test" duration-ms="18725" started-at="2016-03-19T21:32:07Z" finished-at="2016-03-19T21:32:26Z">
          <reporter-output>
          </reporter-output>
        </test-method> <!-- Test -->
      </class> <!-- demo.JavaScriptExcutor -->
    </test> <!-- Default test -->
  </suite> <!-- Default suite -->
</testng-results>
